  % Total    % Received % Xferd  Average Speed   Time    Time     Time  Current
                                 Dload  Upload   Total   Spent    Left  Speed
  0     0    0     0    0     0      0      0 --:--:-- --:--:-- --:--:--     0*   Trying 3.23.88.149:80...
* Connected to ec2-3-23-88-149.us-east-2.compute.amazonaws.com (3.23.88.149) port 80 (#0)
> GET / HTTP/1.1
> Host: ec2-3-23-88-149.us-east-2.compute.amazonaws.com
> User-Agent: curl/8.1.2
> Accept: */*
> Cookie: login=eyJ1c2VybmFtZSI6ImF3ZGVvcmlvIn0.ZwrXhQ.jCcwI3qrjGS4hUtTIZm2fvSA5VI
> 
< HTTP/1.1 200 OK
< Server: nginx/1.24.0 (Ubuntu)
< Date: Sat, 12 Oct 2024 20:11:01 GMT
< Content-Type: text/html; charset=utf-8
< Content-Length: 623
< Connection: keep-alive
< Vary: Cookie
< 
{ [623 bytes data]
100   623  100   623    0     0   6138      0 --:--:-- --:--:-- --:--:--  6627
* Connection #0 to host ec2-3-23-88-149.us-east-2.compute.amazonaws.com left intact
